c:\users\pablo\desktop\pp5\pp5_base_app\pp5_base_app\debug\pp5_base_app.pch
c:\users\pablo\desktop\pp5\pp5_base_app\pp5_base_app\debug\vc140.pdb
c:\users\pablo\desktop\pp5\pp5_base_app\pp5_base_app\debug\vc140.idb
c:\users\pablo\desktop\pp5\pp5_base_app\pp5_base_app\debug\stdafx.obj
c:\users\pablo\desktop\pp5\pp5_base_app\pp5_base_app\debug\directxvault.obj
c:\users\pablo\desktop\pp5\pp5_base_app\pp5_base_app\debug\pp5_base_app.obj
c:\users\pablo\desktop\pp5\pp5_base_app\pp5_base_app\debug\wictextureloader.obj
c:\users\pablo\desktop\pp5\pp5_base_app\pp5_base_app\trivial_ps.csh
c:\users\pablo\desktop\pp5\pp5_base_app\debug\trivial_ps.cso
c:\users\pablo\desktop\pp5\pp5_base_app\pp5_base_app\trivial_vs.csh
c:\users\pablo\desktop\pp5\pp5_base_app\debug\trivial_vs.cso
c:\users\pablo\desktop\pp5\pp5_base_app\debug\pp5_base_app.ilk
c:\users\pablo\desktop\pp5\pp5_base_app\debug\pp5_base_app.exe
c:\users\pablo\desktop\pp5\pp5_base_app\debug\pp5_base_app.pdb
c:\users\pablo\desktop\pp5\pp5_base_app\pp5_base_app\debug\pp5_base_app.res
c:\users\pablo\desktop\pp5\pp5_base_app\pp5_base_app\debug\pp5_base_app.vcxprojresolveassemblyreference.cache
c:\users\pablo\desktop\pp5\pp5_base_app\pp5_base_app\debug\pp5_base_app.tlog\cl.command.1.tlog
c:\users\pablo\desktop\pp5\pp5_base_app\pp5_base_app\debug\pp5_base_app.tlog\cl.read.1.tlog
c:\users\pablo\desktop\pp5\pp5_base_app\pp5_base_app\debug\pp5_base_app.tlog\cl.write.1.tlog
c:\users\pablo\desktop\pp5\pp5_base_app\pp5_base_app\debug\pp5_base_app.tlog\fxc.command.1.tlog
c:\users\pablo\desktop\pp5\pp5_base_app\pp5_base_app\debug\pp5_base_app.tlog\fxc.read.1.tlog
c:\users\pablo\desktop\pp5\pp5_base_app\pp5_base_app\debug\pp5_base_app.tlog\fxc.write.1.tlog
c:\users\pablo\desktop\pp5\pp5_base_app\pp5_base_app\debug\pp5_base_app.tlog\link.17624.read.1.tlog
c:\users\pablo\desktop\pp5\pp5_base_app\pp5_base_app\debug\pp5_base_app.tlog\link.17624.write.1.tlog
c:\users\pablo\desktop\pp5\pp5_base_app\pp5_base_app\debug\pp5_base_app.tlog\link.command.1.tlog
c:\users\pablo\desktop\pp5\pp5_base_app\pp5_base_app\debug\pp5_base_app.tlog\link.read.1.tlog
c:\users\pablo\desktop\pp5\pp5_base_app\pp5_base_app\debug\pp5_base_app.tlog\link.write.1.tlog
c:\users\pablo\desktop\pp5\pp5_base_app\pp5_base_app\debug\pp5_base_app.tlog\pp5_base_app.write.1u.tlog
c:\users\pablo\desktop\pp5\pp5_base_app\pp5_base_app\debug\pp5_base_app.tlog\rc.command.1.tlog
c:\users\pablo\desktop\pp5\pp5_base_app\pp5_base_app\debug\pp5_base_app.tlog\rc.read.1.tlog
c:\users\pablo\desktop\pp5\pp5_base_app\pp5_base_app\debug\pp5_base_app.tlog\rc.write.1.tlog
